<?xml version="1.0" encoding="UTF-8"?>
<testsuite xmlns:xsi="http://www.w3.org/2001/XMLSchema-instance" xsi:noNamespaceSchemaLocation="https://maven.apache.org/surefire/maven-surefire-plugin/xsd/surefire-test-report.xsd" name="com.cardclash.CardClashTest" time="0.131" tests="27" errors="0" skipped="0" failures="0">
  <properties>
    <property name="java.specification.version" value="19"/>
    <property name="sun.cpu.isalist" value="amd64"/>
    <property name="sun.jnu.encoding" value="Cp1252"/>
    <property name="java.class.path" value="C:\Users\xolor\OneDrive - Università degli Studi di Catania\Università\Magistrale\Ingegneria del software\CardClash\CardClash\5.Iterazione4\cardclash\target\test-classes;C:\Users\xolor\OneDrive - Università degli Studi di Catania\Università\Magistrale\Ingegneria del software\CardClash\CardClash\5.Iterazione4\cardclash\target\classes;C:\Users\xolor\.m2\repository\junit\junit\4.13\junit-4.13.jar;C:\Users\xolor\.m2\repository\org\hamcrest\hamcrest-core\1.3\hamcrest-core-1.3.jar;"/>
    <property name="java.vm.vendor" value="Oracle Corporation"/>
    <property name="sun.arch.data.model" value="64"/>
    <property name="user.variant" value=""/>
    <property name="java.vendor.url" value="https://java.oracle.com/"/>
    <property name="user.timezone" value="Europe/Rome"/>
    <property name="os.name" value="Windows 11"/>
    <property name="java.vm.specification.version" value="19"/>
    <property name="sun.java.launcher" value="SUN_STANDARD"/>
    <property name="user.country" value="IT"/>
    <property name="sun.boot.library.path" value="C:\Program Files\Java\jdk-19\bin"/>
    <property name="sun.java.command" value="C:\Users\xolor\AppData\Local\Temp\surefire6850850232999983875\surefirebooter13453852802807626898.jar C:\Users\xolor\AppData\Local\Temp\surefire6850850232999983875 2025-02-19T17-54-13_952-jvmRun1 surefire11787557367006711326tmp surefire_0698924123336678612tmp"/>
    <property name="jdk.debug" value="release"/>
    <property name="surefire.test.class.path" value="C:\Users\xolor\OneDrive - Università degli Studi di Catania\Università\Magistrale\Ingegneria del software\CardClash\CardClash\5.Iterazione4\cardclash\target\test-classes;C:\Users\xolor\OneDrive - Università degli Studi di Catania\Università\Magistrale\Ingegneria del software\CardClash\CardClash\5.Iterazione4\cardclash\target\classes;C:\Users\xolor\.m2\repository\junit\junit\4.13\junit-4.13.jar;C:\Users\xolor\.m2\repository\org\hamcrest\hamcrest-core\1.3\hamcrest-core-1.3.jar;"/>
    <property name="sun.cpu.endian" value="little"/>
    <property name="user.home" value="C:\Users\xolor"/>
    <property name="user.language" value="it"/>
    <property name="java.specification.vendor" value="Oracle Corporation"/>
    <property name="java.version.date" value="2023-01-17"/>
    <property name="java.home" value="C:\Program Files\Java\jdk-19"/>
    <property name="file.separator" value="\"/>
    <property name="basedir" value="C:\Users\xolor\OneDrive - Università degli Studi di Catania\Università\Magistrale\Ingegneria del software\CardClash\CardClash\5.Iterazione4\cardclash"/>
    <property name="java.vm.compressedOopsMode" value="Zero based"/>
    <property name="line.separator" value="&#10;"/>
    <property name="java.vm.specification.vendor" value="Oracle Corporation"/>
    <property name="java.specification.name" value="Java Platform API Specification"/>
    <property name="surefire.real.class.path" value="C:\Users\xolor\AppData\Local\Temp\surefire6850850232999983875\surefirebooter13453852802807626898.jar"/>
    <property name="user.script" value=""/>
    <property name="sun.management.compiler" value="HotSpot 64-Bit Tiered Compilers"/>
    <property name="java.runtime.version" value="19.0.2+7-44"/>
    <property name="user.name" value="xolor"/>
    <property name="stdout.encoding" value="Cp1252"/>
    <property name="path.separator" value=";"/>
    <property name="os.version" value="10.0"/>
    <property name="java.runtime.name" value="Java(TM) SE Runtime Environment"/>
    <property name="file.encoding" value="UTF-8"/>
    <property name="java.vm.name" value="Java HotSpot(TM) 64-Bit Server VM"/>
    <property name="localRepository" value="C:\Users\xolor\.m2\repository"/>
    <property name="java.vendor.url.bug" value="https://bugreport.java.com/bugreport/"/>
    <property name="java.io.tmpdir" value="C:\Users\xolor\AppData\Local\Temp\"/>
    <property name="java.version" value="19.0.2"/>
    <property name="user.dir" value="C:\Users\xolor\OneDrive - Università degli Studi di Catania\Università\Magistrale\Ingegneria del software\CardClash\CardClash\5.Iterazione4\cardclash"/>
    <property name="os.arch" value="amd64"/>
    <property name="java.vm.specification.name" value="Java Virtual Machine Specification"/>
    <property name="sun.os.patch.level" value=""/>
    <property name="native.encoding" value="Cp1252"/>
    <property name="java.library.path" value="C:\Program Files\Java\jdk-19\bin;C:\WINDOWS\Sun\Java\bin;C:\WINDOWS\system32;C:\WINDOWS;C:\Program Files\Common Files\Oracle\Java\javapath;C:\WINDOWS\system32;C:\WINDOWS;C:\WINDOWS\System32\Wbem;C:\WINDOWS\System32\WindowsPowerShell\v1.0\;C:\WINDOWS\System32\OpenSSH\;C:\Program Files\dotnet\;C:\Program Files\Git\cmd;D:\xolor\Desktop\apache-maven-3.9.9\bin;C:\Users\xolor\AppData\Local\Microsoft\WindowsApps;C:\Users\xolor\AppData\Local\Programs\Microsoft VS Code\bin;c:\Users\xolor\AppData\Roaming\Code\User\globalStorage\github.copilot-chat\debugCommand;."/>
    <property name="java.vm.info" value="mixed mode, sharing"/>
    <property name="stderr.encoding" value="Cp1252"/>
    <property name="java.vendor" value="Oracle Corporation"/>
    <property name="java.vm.version" value="19.0.2+7-44"/>
    <property name="sun.io.unicode.encoding" value="UnicodeLittle"/>
    <property name="java.class.version" value="63.0"/>
  </properties>
  <testcase name="testSelezioneFormato" classname="com.cardclash.CardClashTest" time="0.012"/>
  <testcase name="testConfermaTabellone" classname="com.cardclash.CardClashTest" time="0.012"/>
  <testcase name="testAggiornaELO" classname="com.cardclash.CardClashTest" time="0.001"/>
  <testcase name="testLoadFormati" classname="com.cardclash.CardClashTest" time="0"/>
  <testcase name="testInserimentoTipoMazzo" classname="com.cardclash.CardClashTest" time="0.002"/>
  <testcase name="testConfermaRegistrazione" classname="com.cardclash.CardClashTest" time="0"/>
  <testcase name="testSingletonInstance" classname="com.cardclash.CardClashTest" time="0"/>
  <testcase name="testVisualizzaTabellone" classname="com.cardclash.CardClashTest" time="0.001"/>
  <testcase name="testGetTorneiDaConcludere" classname="com.cardclash.CardClashTest" time="0.002"/>
  <testcase name="testMostraTorneiDisponibili" classname="com.cardclash.CardClashTest" time="0.002"/>
  <testcase name="testSelezionaTipo" classname="com.cardclash.CardClashTest" time="0.002"/>
  <testcase name="testSelezionaTorneo" classname="com.cardclash.CardClashTest" time="0"/>
  <testcase name="testInserimentoMazzo" classname="com.cardclash.CardClashTest" time="0"/>
  <testcase name="testSelezionaFormato" classname="com.cardclash.CardClashTest" time="0.001"/>
  <testcase name="testEliminaGiocatore" classname="com.cardclash.CardClashTest" time="0"/>
  <testcase name="testAggiornaTabellone" classname="com.cardclash.CardClashTest" time="0.001"/>
  <testcase name="testCreaTorneo" classname="com.cardclash.CardClashTest" time="0"/>
  <testcase name="testSetVincitore" classname="com.cardclash.CardClashTest" time="0"/>
  <testcase name="testRegistraGiocatore" classname="com.cardclash.CardClashTest" time="0.001"/>
  <testcase name="testConfermaIscrizione" classname="com.cardclash.CardClashTest" time="0.001"/>
  <testcase name="testVisualizzaClassifica" classname="com.cardclash.CardClashTest" time="0"/>
  <testcase name="testConfermaCreazione" classname="com.cardclash.CardClashTest" time="0"/>
  <testcase name="testConfermaInserimentoTipo" classname="com.cardclash.CardClashTest" time="0.002"/>
  <testcase name="testAggiornaPunteggio" classname="com.cardclash.CardClashTest" time="0.001"/>
  <testcase name="testCreaTabellone" classname="com.cardclash.CardClashTest" time="0"/>
  <testcase name="testCreaNuovoFormato" classname="com.cardclash.CardClashTest" time="0.002"/>
  <testcase name="testConfermaFormato" classname="com.cardclash.CardClashTest" time="0"/>
</testsuite>