<?xml version="1.0" encoding="UTF-8"?>
<testsuite xmlns:xsi="http://www.w3.org/2001/XMLSchema-instance" xsi:noNamespaceSchemaLocation="https://maven.apache.org/surefire/maven-surefire-plugin/xsd/surefire-test-report-3.0.xsd" version="3.0" name="com.cardclash.CardClashTest" time="0.689" tests="27" errors="0" skipped="0" failures="0">
  <properties>
    <property name="java.specification.version" value="19"/>
    <property name="sun.cpu.isalist" value="amd64"/>
    <property name="sun.jnu.encoding" value="Cp1252"/>
    <property name="java.class.path" value="c:\Users\ricky\OneDrive - Università degli Studi di Catania\UNIVERSITA&apos;\Magistrale\LM-32 Ingegneria Informatica\Primo Anno\Ingegneria del software\CardClash\5.Iterazione4\cardclash\target\test-classes;c:\Users\ricky\OneDrive - Università degli Studi di Catania\UNIVERSITA&apos;\Magistrale\LM-32 Ingegneria Informatica\Primo Anno\Ingegneria del software\CardClash\5.Iterazione4\cardclash\target\classes;C:\Users\ricky\.m2\repository\junit\junit\4.13\junit-4.13.jar;C:\Users\ricky\.m2\repository\org\hamcrest\hamcrest-core\1.3\hamcrest-core-1.3.jar;"/>
    <property name="java.vm.vendor" value="Oracle Corporation"/>
    <property name="sun.arch.data.model" value="64"/>
    <property name="user.variant" value=""/>
    <property name="java.vendor.url" value="https://java.oracle.com/"/>
    <property name="user.timezone" value="Europe/Rome"/>
    <property name="os.name" value="Windows 11"/>
    <property name="java.vm.specification.version" value="19"/>
    <property name="sun.java.launcher" value="SUN_STANDARD"/>
    <property name="user.country" value="IT"/>
    <property name="sun.boot.library.path" value="C:\Program Files\Java\jdk-19\bin"/>
    <property name="sun.java.command" value="C:\Users\ricky\AppData\Local\Temp\surefire11199943722981558063\surefirebooter-20250220160557598_3.jar C:\Users\ricky\AppData\Local\Temp\surefire11199943722981558063 2025-02-20T16-05-56_967-jvmRun1 surefire-20250220160557598_1tmp surefire_0-20250220160557598_2tmp"/>
    <property name="jdk.debug" value="release"/>
    <property name="surefire.test.class.path" value="c:\Users\ricky\OneDrive - Università degli Studi di Catania\UNIVERSITA&apos;\Magistrale\LM-32 Ingegneria Informatica\Primo Anno\Ingegneria del software\CardClash\5.Iterazione4\cardclash\target\test-classes;c:\Users\ricky\OneDrive - Università degli Studi di Catania\UNIVERSITA&apos;\Magistrale\LM-32 Ingegneria Informatica\Primo Anno\Ingegneria del software\CardClash\5.Iterazione4\cardclash\target\classes;C:\Users\ricky\.m2\repository\junit\junit\4.13\junit-4.13.jar;C:\Users\ricky\.m2\repository\org\hamcrest\hamcrest-core\1.3\hamcrest-core-1.3.jar;"/>
    <property name="sun.cpu.endian" value="little"/>
    <property name="user.home" value="C:\Users\ricky"/>
    <property name="user.language" value="it"/>
    <property name="java.specification.vendor" value="Oracle Corporation"/>
    <property name="java.version.date" value="2023-01-17"/>
    <property name="java.home" value="C:\Program Files\Java\jdk-19"/>
    <property name="file.separator" value="\"/>
    <property name="basedir" value="c:\Users\ricky\OneDrive - Università degli Studi di Catania\UNIVERSITA&apos;\Magistrale\LM-32 Ingegneria Informatica\Primo Anno\Ingegneria del software\CardClash\5.Iterazione4\cardclash"/>
    <property name="java.vm.compressedOopsMode" value="32-bit"/>
    <property name="line.separator" value="&#10;"/>
    <property name="java.vm.specification.vendor" value="Oracle Corporation"/>
    <property name="java.specification.name" value="Java Platform API Specification"/>
    <property name="surefire.real.class.path" value="C:\Users\ricky\AppData\Local\Temp\surefire11199943722981558063\surefirebooter-20250220160557598_3.jar"/>
    <property name="user.script" value=""/>
    <property name="sun.management.compiler" value="HotSpot 64-Bit Tiered Compilers"/>
    <property name="java.runtime.version" value="19.0.2+7-44"/>
    <property name="user.name" value="ricky"/>
    <property name="stdout.encoding" value="Cp1252"/>
    <property name="path.separator" value=";"/>
    <property name="os.version" value="10.0"/>
    <property name="java.runtime.name" value="Java(TM) SE Runtime Environment"/>
    <property name="file.encoding" value="UTF-8"/>
    <property name="java.vm.name" value="Java HotSpot(TM) 64-Bit Server VM"/>
    <property name="localRepository" value="C:\Users\ricky\.m2\repository"/>
    <property name="java.vendor.url.bug" value="https://bugreport.java.com/bugreport/"/>
    <property name="java.io.tmpdir" value="C:\Users\ricky\AppData\Local\Temp\"/>
    <property name="java.version" value="19.0.2"/>
    <property name="user.dir" value="c:\Users\ricky\OneDrive - Università degli Studi di Catania\UNIVERSITA&apos;\Magistrale\LM-32 Ingegneria Informatica\Primo Anno\Ingegneria del software\CardClash\5.Iterazione4\cardclash"/>
    <property name="os.arch" value="amd64"/>
    <property name="java.vm.specification.name" value="Java Virtual Machine Specification"/>
    <property name="sun.os.patch.level" value=""/>
    <property name="native.encoding" value="Cp1252"/>
    <property name="java.library.path" value="C:\Program Files\Java\jdk-19\bin;C:\WINDOWS\Sun\Java\bin;C:\WINDOWS\system32;C:\WINDOWS;C:\Program Files\Common Files\Oracle\Java\javapath;C:\WINDOWS\system32;C:\WINDOWS;C:\WINDOWS\System32\Wbem;C:\WINDOWS\System32\WindowsPowerShell\v1.0\;C:\WINDOWS\System32\OpenSSH\;C:\Aldec\Active-HDL-Student-Edition\bin;C:\Program Files\Git\cmd;C:\Program Files\dotnet\;C:\Program Files\HP\HP One Agent;C:\xampp\php;C:\ProgramData\ComposerSetup\bin;C:\Program Files\nodejs\;C:\WINDOWS\system32;C:\WINDOWS;C:\WINDOWS\System32\Wbem;C:\WINDOWS\System32\WindowsPowerShell\v1.0\;C:\WINDOWS\System32\OpenSSH\;C:\Users\ricky\Downloads\apache-maven-3.9.9\bin;C:\Users\ricky\AppData\Local\Programs\Python\Python312\Scripts\;C:\Users\ricky\AppData\Local\Programs\Python\Python312\;C:\xampp\mysql\bin;C:\Users\ricky\AppData\Local\Programs\Microsoft VS Code\bin;C:\Users\ricky\AppData\Roaming\Composer\vendor\bin;C:\Users\ricky\AppData\Local\Programs\Ollama;C:\Users\ricky\AppData\Roaming\npm;%USERPROFILE%\AppData\Local\Microsoft\WindowsApps;;c:\Users\ricky\AppData\Roaming\Code\User\globalStorage\github.copilot-chat\debugCommand;."/>
    <property name="java.vm.info" value="mixed mode, sharing"/>
    <property name="stderr.encoding" value="Cp1252"/>
    <property name="java.vendor" value="Oracle Corporation"/>
    <property name="java.vm.version" value="19.0.2+7-44"/>
    <property name="sun.io.unicode.encoding" value="UnicodeLittle"/>
    <property name="java.class.version" value="63.0"/>
  </properties>
  <testcase name="testSelezioneFormato" classname="com.cardclash.CardClashTest" time="0.06">
    <system-out><![CDATA[Tipi di mazzo caricati per Pauper (Magic: The Gathering).
Tipi di mazzo caricati per Monotype (Pokémon).
Tipi di mazzo caricati per Yu-Gi-Oh!.
Tipi di mazzo caricati per Magic: The Gathering.
Formati di torneo caricati con successo!
Formato selezionato: FormatoTorneo{codice=1, nome='Pauper', gioco=Magic: The Gathering, tipiMazzo={233306=TipoMazzo{codice=233306, nome='Mazzo pauper'}}}
]]></system-out>
  </testcase>
  <testcase name="testConfermaTabellone" classname="com.cardclash.CardClashTest" time="0.07"/>
  <testcase name="testAggiornaELO" classname="com.cardclash.CardClashTest" time="0.002"/>
  <testcase name="testLoadFormati" classname="com.cardclash.CardClashTest" time="0.0"/>
  <testcase name="testInserimentoTipoMazzo" classname="com.cardclash.CardClashTest" time="0.01">
    <system-out><![CDATA[Formato selezionato: FormatoTorneo{codice=1, nome='Pauper', gioco=Magic: The Gathering, tipiMazzo={233306=TipoMazzo{codice=233306, nome='Mazzo pauper'}}}
]]></system-out>
  </testcase>
  <testcase name="testConfermaRegistrazione" classname="com.cardclash.CardClashTest" time="0.0"/>
  <testcase name="testSingletonInstance" classname="com.cardclash.CardClashTest" time="0.0"/>
  <testcase name="testVisualizzaTabellone" classname="com.cardclash.CardClashTest" time="0.0"/>
  <testcase name="testGetTorneiDaConcludere" classname="com.cardclash.CardClashTest" time="0.015"/>
  <testcase name="testMostraTorneiDisponibili" classname="com.cardclash.CardClashTest" time="0.009">
    <system-out><![CDATA[Formato selezionato: FormatoTorneo{codice=1, nome='Pauper', gioco=Magic: The Gathering, tipiMazzo={233306=TipoMazzo{codice=233306, nome='Mazzo pauper'}}}
Formato selezionato: FormatoTorneo{codice=1, nome='Pauper', gioco=Magic: The Gathering, tipiMazzo={233306=TipoMazzo{codice=233306, nome='Mazzo pauper'}}}
]]></system-out>
  </testcase>
  <testcase name="testSelezionaTipo" classname="com.cardclash.CardClashTest" time="0.007">
    <system-out><![CDATA[Formato selezionato: FormatoTorneo{codice=1, nome='Pauper', gioco=Magic: The Gathering, tipiMazzo={233306=TipoMazzo{codice=233306, nome='Mazzo pauper'}}}
]]></system-out>
  </testcase>
  <testcase name="testSelezionaTorneo" classname="com.cardclash.CardClashTest" time="0.0"/>
  <testcase name="testInserimentoMazzo" classname="com.cardclash.CardClashTest" time="0.0"/>
  <testcase name="testSelezionaFormato" classname="com.cardclash.CardClashTest" time="0.008">
    <system-out><![CDATA[Formato non trovato per il codice: 20
Formato selezionato: FormatoTorneo{codice=1, nome='Pauper', gioco=Magic: The Gathering, tipiMazzo={233306=TipoMazzo{codice=233306, nome='Mazzo pauper'}}}
]]></system-out>
  </testcase>
  <testcase name="testEliminaGiocatore" classname="com.cardclash.CardClashTest" time="0.002"/>
  <testcase name="testAggiornaTabellone" classname="com.cardclash.CardClashTest" time="0.003"/>
  <testcase name="testCreaTorneo" classname="com.cardclash.CardClashTest" time="0.002"/>
  <testcase name="testSetVincitore" classname="com.cardclash.CardClashTest" time="0.001"/>
  <testcase name="testRegistraGiocatore" classname="com.cardclash.CardClashTest" time="0.005"/>
  <testcase name="testConfermaIscrizione" classname="com.cardclash.CardClashTest" time="0.005"/>
  <testcase name="testVisualizzaClassifica" classname="com.cardclash.CardClashTest" time="0.002"/>
  <testcase name="testConfermaCreazione" classname="com.cardclash.CardClashTest" time="0.002"/>
  <testcase name="testConfermaInserimentoTipo" classname="com.cardclash.CardClashTest" time="0.008">
    <system-out><![CDATA[Formato selezionato: FormatoTorneo{codice=1, nome='Pauper', gioco=Magic: The Gathering, tipiMazzo={233306=TipoMazzo{codice=233306, nome='Mazzo pauper'}}}
]]></system-out>
  </testcase>
  <testcase name="testAggiornaPunteggio" classname="com.cardclash.CardClashTest" time="0.003">
    <system-out><![CDATA[Formato selezionato: FormatoTorneo{codice=1, nome='Pauper', gioco=Magic: The Gathering, tipiMazzo={855816=TipoMazzo{codice=855816, nome='Control'}, 233306=TipoMazzo{codice=233306, nome='Mazzo pauper'}}}
]]></system-out>
  </testcase>
  <testcase name="testCreaTabellone" classname="com.cardclash.CardClashTest" time="0.003">
    <system-out><![CDATA[Il torneo è già terminato, non è possibile creare un nuovo tabellone.
]]></system-out>
  </testcase>
  <testcase name="testCreaNuovoFormato" classname="com.cardclash.CardClashTest" time="0.003">
    <system-out><![CDATA[Formato torneo personalizzatoFormato Test creato con successo!
]]></system-out>
  </testcase>
  <testcase name="testConfermaFormato" classname="com.cardclash.CardClashTest" time="0.003">
    <system-out><![CDATA[Formato torneo personalizzatoFormato Conferma creato con successo!
]]></system-out>
  </testcase>
</testsuite>