<?xml version="1.0" encoding="UTF-8"?>
<testsuite xmlns:xsi="http://www.w3.org/2001/XMLSchema-instance" xsi:noNamespaceSchemaLocation="https://maven.apache.org/surefire/maven-surefire-plugin/xsd/surefire-test-report.xsd" name="com.cardclash.CardClashTest" time="0.446" tests="12" errors="1" skipped="0" failures="1">
  <properties>
    <property name="java.specification.version" value="19"/>
    <property name="sun.cpu.isalist" value="amd64"/>
    <property name="sun.jnu.encoding" value="Cp1252"/>
    <property name="java.class.path" value="c:\Users\ricky\OneDrive - Università degli Studi di Catania\UNIVERSITA&apos;\Magistrale\LM-32 Ingegneria Informatica\Primo Anno\Ingegneria del software\CardClash\3.Iterazione2\cardclash\target\test-classes;c:\Users\ricky\OneDrive - Università degli Studi di Catania\UNIVERSITA&apos;\Magistrale\LM-32 Ingegneria Informatica\Primo Anno\Ingegneria del software\CardClash\3.Iterazione2\cardclash\target\classes;C:\Users\ricky\.m2\repository\junit\junit\4.13\junit-4.13.jar;C:\Users\ricky\.m2\repository\org\hamcrest\hamcrest-core\1.3\hamcrest-core-1.3.jar;"/>
    <property name="java.vm.vendor" value="Oracle Corporation"/>
    <property name="sun.arch.data.model" value="64"/>
    <property name="user.variant" value=""/>
    <property name="java.vendor.url" value="https://java.oracle.com/"/>
    <property name="user.timezone" value="Europe/Rome"/>
    <property name="os.name" value="Windows 11"/>
    <property name="java.vm.specification.version" value="19"/>
    <property name="sun.java.launcher" value="SUN_STANDARD"/>
    <property name="user.country" value="IT"/>
    <property name="sun.boot.library.path" value="C:\Program Files\Java\jdk-19\bin"/>
    <property name="sun.java.command" value="C:\Users\ricky\AppData\Local\Temp\surefire5959590919404498586\surefirebooter599707131986603535.jar C:\Users\ricky\AppData\Local\Temp\surefire5959590919404498586 2025-02-03T18-44-04_541-jvmRun1 surefire10559461534084842728tmp surefire_014867315129436268712tmp"/>
    <property name="jdk.debug" value="release"/>
    <property name="surefire.test.class.path" value="c:\Users\ricky\OneDrive - Università degli Studi di Catania\UNIVERSITA&apos;\Magistrale\LM-32 Ingegneria Informatica\Primo Anno\Ingegneria del software\CardClash\3.Iterazione2\cardclash\target\test-classes;c:\Users\ricky\OneDrive - Università degli Studi di Catania\UNIVERSITA&apos;\Magistrale\LM-32 Ingegneria Informatica\Primo Anno\Ingegneria del software\CardClash\3.Iterazione2\cardclash\target\classes;C:\Users\ricky\.m2\repository\junit\junit\4.13\junit-4.13.jar;C:\Users\ricky\.m2\repository\org\hamcrest\hamcrest-core\1.3\hamcrest-core-1.3.jar;"/>
    <property name="sun.cpu.endian" value="little"/>
    <property name="user.home" value="C:\Users\ricky"/>
    <property name="user.language" value="it"/>
    <property name="java.specification.vendor" value="Oracle Corporation"/>
    <property name="java.version.date" value="2023-01-17"/>
    <property name="java.home" value="C:\Program Files\Java\jdk-19"/>
    <property name="file.separator" value="\"/>
    <property name="basedir" value="c:\Users\ricky\OneDrive - Università degli Studi di Catania\UNIVERSITA&apos;\Magistrale\LM-32 Ingegneria Informatica\Primo Anno\Ingegneria del software\CardClash\3.Iterazione2\cardclash"/>
    <property name="java.vm.compressedOopsMode" value="32-bit"/>
    <property name="line.separator" value="&#10;"/>
    <property name="java.vm.specification.vendor" value="Oracle Corporation"/>
    <property name="java.specification.name" value="Java Platform API Specification"/>
    <property name="surefire.real.class.path" value="C:\Users\ricky\AppData\Local\Temp\surefire5959590919404498586\surefirebooter599707131986603535.jar"/>
    <property name="user.script" value=""/>
    <property name="sun.management.compiler" value="HotSpot 64-Bit Tiered Compilers"/>
    <property name="java.runtime.version" value="19.0.2+7-44"/>
    <property name="user.name" value="ricky"/>
    <property name="stdout.encoding" value="Cp1252"/>
    <property name="path.separator" value=";"/>
    <property name="os.version" value="10.0"/>
    <property name="java.runtime.name" value="Java(TM) SE Runtime Environment"/>
    <property name="file.encoding" value="UTF-8"/>
    <property name="java.vm.name" value="Java HotSpot(TM) 64-Bit Server VM"/>
    <property name="localRepository" value="C:\Users\ricky\.m2\repository"/>
    <property name="java.vendor.url.bug" value="https://bugreport.java.com/bugreport/"/>
    <property name="java.io.tmpdir" value="C:\Users\ricky\AppData\Local\Temp\"/>
    <property name="java.version" value="19.0.2"/>
    <property name="user.dir" value="c:\Users\ricky\OneDrive - Università degli Studi di Catania\UNIVERSITA&apos;\Magistrale\LM-32 Ingegneria Informatica\Primo Anno\Ingegneria del software\CardClash\3.Iterazione2\cardclash"/>
    <property name="os.arch" value="amd64"/>
    <property name="java.vm.specification.name" value="Java Virtual Machine Specification"/>
    <property name="sun.os.patch.level" value=""/>
    <property name="native.encoding" value="Cp1252"/>
    <property name="java.library.path" value="C:\Program Files\Java\jdk-19\bin;C:\WINDOWS\Sun\Java\bin;C:\WINDOWS\system32;C:\WINDOWS;C:\Program Files\Common Files\Oracle\Java\javapath;C:\WINDOWS\system32;C:\WINDOWS;C:\WINDOWS\System32\Wbem;C:\WINDOWS\System32\WindowsPowerShell\v1.0\;C:\WINDOWS\System32\OpenSSH\;C:\Aldec\Active-HDL-Student-Edition\bin;C:\Program Files\Git\cmd;C:\Program Files\dotnet\;C:\Program Files\HP\HP One Agent;C:\xampp\php;C:\ProgramData\ComposerSetup\bin;C:\Program Files\nodejs\;C:\WINDOWS\system32;C:\WINDOWS;C:\WINDOWS\System32\Wbem;C:\WINDOWS\System32\WindowsPowerShell\v1.0\;C:\WINDOWS\System32\OpenSSH\;C:\Users\ricky\Downloads\apache-maven-3.9.9\bin;C:\Users\ricky\AppData\Local\Programs\Python\Python312\Scripts\;C:\Users\ricky\AppData\Local\Programs\Python\Python312\;C:\xampp\mysql\bin;C:\Users\ricky\AppData\Local\Programs\Microsoft VS Code\bin;C:\Users\ricky\AppData\Roaming\Composer\vendor\bin;C:\Users\ricky\AppData\Local\Programs\Ollama;C:\Users\ricky\AppData\Roaming\npm;%USERPROFILE%\AppData\Local\Microsoft\WindowsApps;;c:\Users\ricky\AppData\Roaming\Code\User\globalStorage\github.copilot-chat\debugCommand;."/>
    <property name="java.vm.info" value="mixed mode, sharing"/>
    <property name="stderr.encoding" value="Cp1252"/>
    <property name="java.vendor" value="Oracle Corporation"/>
    <property name="java.vm.version" value="19.0.2+7-44"/>
    <property name="sun.io.unicode.encoding" value="UnicodeLittle"/>
    <property name="java.class.version" value="63.0"/>
  </properties>
  <testcase name="testLoadFormati" classname="com.cardclash.CardClashTest" time="0.014"/>
  <testcase name="testConfermaRegistrazione" classname="com.cardclash.CardClashTest" time="0.001"/>
  <testcase name="testSingletonInstance" classname="com.cardclash.CardClashTest" time="0.003"/>
  <testcase name="testMostraTorneiDisponibili" classname="com.cardclash.CardClashTest" time="0.057">
    <error message="Cannot invoke &quot;com.cardclash.FormatoTorneo.getNumMaxGiocatori()&quot; because &quot;this.formato&quot; is null" type="java.lang.NullPointerException">java.lang.NullPointerException: Cannot invoke "com.cardclash.FormatoTorneo.getNumMaxGiocatori()" because "this.formato" is null
	at com.cardclash.CardClashTest.testMostraTorneiDisponibili(CardClashTest.java:123)
</error>
    <system-out><![CDATA[Torneo creato: Torneo 1
Torneo creato: Torneo 2
Torneo creato: Torneo 3
Torneo creato: Torneo 4
]]></system-out>
  </testcase>
  <testcase name="testSelezionaTipo" classname="com.cardclash.CardClashTest" time="0.025">
    <failure type="java.lang.AssertionError">java.lang.AssertionError
	at com.cardclash.CardClashTest.testSelezionaTipo(CardClashTest.java:172)
</failure>
    <system-out><![CDATA[Torneo creato: Torneo Test
Formato selezionato: FormatoTorneo{codice=1, nome='Pauper', gioco=Magic: The Gathering, tipiMazzo={127186=TipoMazzo{codice=127186, nome='Mazzo pauper'}}}
]]></system-out>
  </testcase>
  <testcase name="testSelezionaTorneo" classname="com.cardclash.CardClashTest" time="0.002"/>
  <testcase name="testInserimentoMazzo" classname="com.cardclash.CardClashTest" time="0.004"/>
  <testcase name="testSelezionaFormato" classname="com.cardclash.CardClashTest" time="0.001"/>
  <testcase name="testCreaTorneo" classname="com.cardclash.CardClashTest" time="0.002"/>
  <testcase name="testRegistraGiocatore" classname="com.cardclash.CardClashTest" time="0.002"/>
  <testcase name="testConfermaIscrizione" classname="com.cardclash.CardClashTest" time="0.006"/>
  <testcase name="testConfermaCreazione" classname="com.cardclash.CardClashTest" time="0.002"/>
</testsuite>